[debug] > Exec(early(addDefaultCommands), None, None)
[debug] > Exec(addDefaultCommands, None, None)
[debug] > Exec(early(initialize), None, None)
[debug] > Exec(initialize, None, None)
[debug] > Exec(boot, None, None)
[debug] > Exec(writeSbtVersion, None, None)
[debug] > Exec(reload, None, None)
[debug] > Exec(sbtStashOnFailure, None, None)
[debug] > Exec(onFailure loadFailed, None, None)
[debug] > Exec(loadp, None, None)
[info] welcome to sbt 1.4.7 (Oracle Corporation Java 1.8.0_181)
[debug]       Load.loadUnit: plugins took 115.559719ms
[debug]       Load.loadUnit: defsScala took 0.776355ms
[debug] [Loading] Scanning directory /Users/rportilla/.sbt/1.0/plugins
[debug]         Load.loadUnit: mkEval took 12.796226ms
[debug] [Loading] Found non-root projects 
[debug] [Loading] Done in /Users/rportilla/.sbt/1.0/plugins, returning: ()
[debug] deducing auto plugins based on known facts Set(Atom(sbt.plugins.CorePlugin)) and clauses Clauses(List(Clause(Atom(sbt.plugins.JvmPlugin),Set(Atom(sbt.plugins.IvyPlugin))), Clause(Atom(sbt.ScriptedPlugin),Set(Atom(sbt.plugins.JvmPlugin))), Clause(Atom(sbt.plugins.SbtPlugin),Set(Atom(sbt.ScriptedPlugin))), Clause(Atom(sbt.plugins.SemanticdbPlugin),Set(Atom(sbt.plugins.JvmPlugin))), Clause(Atom(sbt.plugins.JUnitXmlReportPlugin),Set(Atom(sbt.plugins.JvmPlugin))), Clause(Atom(sbt.plugins.MiniDependencyTreePlugin),Set(Atom(sbt.plugins.JvmPlugin))), Clause(Atom(sbt.plugins.CorePlugin),Set(Atom(sbt.plugins.IvyPlugin))), Clause(Atom(sbt.plugins.IvyPlugin),Set(Atom(sbt.plugins.JvmPlugin))), Clause(Atom(sbt.plugins.JvmPlugin),Set(Atom(sbt.plugins.SemanticdbPlugin))), Clause(Atom(sbt.plugins.JvmPlugin),Set(Atom(sbt.plugins.JUnitXmlReportPlugin))), Clause(Atom(sbt.plugins.CorePlugin),Set(Atom(sbt.plugins.Giter8TemplatePlugin))), Clause(Atom(sbt.plugins.JvmPlugin),Set(Atom(sbt.plugins.MiniDependencyTreePlugin)))))
[debug]   :: deduced result: Matched(sbt.plugins.CorePlugin,sbt.plugins.Giter8TemplatePlugin,sbt.plugins.IvyPlugin,sbt.plugins.JvmPlugin,sbt.plugins.MiniDependencyTreePlugin,sbt.plugins.JUnitXmlReportPlugin,sbt.plugins.SemanticdbPlugin)
[debug] Plugins.deducer#function took 52.657015 ms
[info] loading settings for project global-plugins from idea.sbt ...
[debug]           Load.resolveProject(global-plugins) took 78.576748ms
[debug]         Load.loadTransitive: finalizeProject(Project(id global-plugins, base: /Users/rportilla/.sbt/1.0/plugins, plugins: List(<none>))) took 195.901787ms
[debug] [Loading] Done in /Users/rportilla/.sbt/1.0/plugins, returning: (global-plugins)
[debug]       Load.loadUnit: loadedProjectsRaw took 666.932082ms
[debug]       Load.loadUnit: cleanEvalClasses took 8.432989ms
[debug]     Load.loadUnit(file:/Users/rportilla/.sbt/1.0/plugins/, ...) took 806.176379ms
[debug]   Load.apply: load took 1252.205224ms
[debug]   Load.apply: resolveProjects took 12.272857ms
[debug]   Load.apply: finalTransforms took 111.969476ms
[debug]   Load.apply: config.delegates took 15.580911ms
[debug]   Load.apply: Def.make(settings)... took 598.263388ms
[debug]   Load.apply: structureIndex took 171.415209ms
[debug]   Load.apply: mkStreams took 2.755602ms
[info] loading global plugins from /Users/rportilla/.sbt/1.0/plugins
[debug] Running task... Cancel: Signal, check cycles: false, forcegc: true
[debug] Load.defaultLoad until apply took 4432.626137ms
[debug]           Load.loadUnit: plugins took 20.734279ms
[debug]           Load.loadUnit: defsScala took 0.006867ms
[debug] [Loading] Scanning directory /Users/rportilla/Downloads/ts/tempo/scala/tempo/project
[debug] [Loading] Found non-root projects 
[debug] [Loading] Done in /Users/rportilla/Downloads/ts/tempo/scala/tempo/project, returning: ()
[debug] deducing auto plugins based on known facts Set(Atom(sbt.plugins.CorePlugin)) and clauses Clauses(List(Clause(Atom(sbt.plugins.JvmPlugin),Set(Atom(sbt.plugins.IvyPlugin))), Clause(Atom(sbt.ScriptedPlugin),Set(Atom(sbt.plugins.JvmPlugin))), Clause(Atom(sbt.plugins.SbtPlugin),Set(Atom(sbt.ScriptedPlugin))), Clause(Atom(sbt.plugins.SemanticdbPlugin),Set(Atom(sbt.plugins.JvmPlugin))), Clause(Atom(sbt.plugins.JUnitXmlReportPlugin),Set(Atom(sbt.plugins.JvmPlugin))), Clause(Atom(sbt.plugins.MiniDependencyTreePlugin),Set(Atom(sbt.plugins.JvmPlugin))), Clause(Atom(sbt.plugins.CorePlugin),Set(Atom(sbt.plugins.IvyPlugin))), Clause(Atom(sbt.plugins.IvyPlugin),Set(Atom(sbt.plugins.JvmPlugin))), Clause(Atom(sbt.plugins.JvmPlugin),Set(Atom(sbt.plugins.SemanticdbPlugin))), Clause(Atom(sbt.plugins.JvmPlugin),Set(Atom(sbt.plugins.JUnitXmlReportPlugin))), Clause(Atom(sbt.plugins.CorePlugin),Set(Atom(sbt.plugins.Giter8TemplatePlugin))), Clause(Atom(sbt.plugins.JvmPlugin),Set(Atom(sbt.plugins.MiniDependencyTreePlugin)))))
[debug]   :: deduced result: Matched(sbt.plugins.CorePlugin,sbt.plugins.Giter8TemplatePlugin,sbt.plugins.IvyPlugin,sbt.plugins.JvmPlugin,sbt.plugins.MiniDependencyTreePlugin,sbt.plugins.JUnitXmlReportPlugin,sbt.plugins.SemanticdbPlugin)
[debug] Plugins.deducer#function took 3.420723 ms
[debug]               Load.resolveProject(tempo-build) took 1.517302ms
[debug]             Load.loadTransitive: finalizeProject(Project(id tempo-build, base: /Users/rportilla/Downloads/ts/tempo/scala/tempo/project, plugins: List(<none>))) took 5.858491ms
[debug] [Loading] Done in /Users/rportilla/Downloads/ts/tempo/scala/tempo/project, returning: (tempo-build)
[debug]           Load.loadUnit: loadedProjectsRaw took 9.760018ms
[debug]           Load.loadUnit: cleanEvalClasses took 0.017909ms
[debug]         Load.loadUnit(file:/Users/rportilla/Downloads/ts/tempo/scala/tempo/project/, ...) took 31.729565ms
[debug]       Load.apply: load took 33.59131ms
[debug]       Load.apply: resolveProjects took 0.176517ms
[debug]       Load.apply: finalTransforms took 13.745384ms
[debug]       Load.apply: config.delegates took 0.431974ms
[debug]       Load.apply: Def.make(settings)... took 86.402356ms
[debug]       Load.apply: structureIndex took 47.596461ms
[debug]       Load.apply: mkStreams took 0.003276ms
[info] loading project definition from /Users/rportilla/Downloads/ts/tempo/scala/tempo/project
[debug] Running task... Cancel: Signal, check cycles: false, forcegc: true
[debug]     Load.loadUnit: plugins took 393.987955ms
[debug]     Load.loadUnit: defsScala took 0.004428ms
[debug] [Loading] Scanning directory /Users/rportilla/Downloads/ts/tempo/scala/tempo
[debug]       Load.loadUnit: mkEval took 0.417694ms
[debug] [Loading] Found non-root projects 
[debug] [Loading] Done in /Users/rportilla/Downloads/ts/tempo/scala/tempo, returning: ()
[debug] deducing auto plugins based on known facts Set(Atom(sbt.plugins.CorePlugin)) and clauses Clauses(List(Clause(Atom(sbt.plugins.JvmPlugin),Set(Atom(sbt.plugins.IvyPlugin))), Clause(Atom(sbt.ScriptedPlugin),Set(Atom(sbt.plugins.JvmPlugin))), Clause(Atom(sbt.plugins.SbtPlugin),Set(Atom(sbt.ScriptedPlugin))), Clause(Atom(sbt.plugins.SemanticdbPlugin),Set(Atom(sbt.plugins.JvmPlugin))), Clause(Atom(sbt.plugins.JUnitXmlReportPlugin),Set(Atom(sbt.plugins.JvmPlugin))), Clause(Atom(sbt.plugins.MiniDependencyTreePlugin),Set(Atom(sbt.plugins.JvmPlugin))), Clause(Atom(sbt.plugins.CorePlugin),Set(Atom(sbt.plugins.IvyPlugin))), Clause(Atom(sbt.plugins.IvyPlugin),Set(Atom(sbt.plugins.JvmPlugin))), Clause(Atom(sbt.plugins.JvmPlugin),Set(Atom(sbt.plugins.SemanticdbPlugin))), Clause(Atom(sbt.plugins.JvmPlugin),Set(Atom(sbt.plugins.JUnitXmlReportPlugin))), Clause(Atom(sbt.plugins.CorePlugin),Set(Atom(sbt.plugins.Giter8TemplatePlugin))), Clause(Atom(sbt.plugins.JvmPlugin),Set(Atom(sbt.plugins.MiniDependencyTreePlugin)))))
[debug]   :: deduced result: Matched(sbt.plugins.CorePlugin,sbt.plugins.Giter8TemplatePlugin,sbt.plugins.IvyPlugin,sbt.plugins.JvmPlugin,sbt.plugins.MiniDependencyTreePlugin,sbt.plugins.JUnitXmlReportPlugin,sbt.plugins.SemanticdbPlugin)
[debug] Plugins.deducer#function took 1.683155 ms
[info] loading settings for project tempo from build.sbt ...
[debug]         Load.resolveProject(tempo) took 1.384491ms
[debug]       Load.loadTransitive: finalizeProject(Project(id tempo, base: /Users/rportilla/Downloads/ts/tempo/scala/tempo, plugins: List(<none>))) took 3.778179ms
[debug] [Loading] Done in /Users/rportilla/Downloads/ts/tempo/scala/tempo, returning: (tempo)
[debug]     Load.loadUnit: loadedProjectsRaw took 35.711144ms
[debug]     Load.loadUnit: cleanEvalClasses took 1.935747ms
[debug]   Load.loadUnit(file:/Users/rportilla/Downloads/ts/tempo/scala/tempo/, ...) took 432.445898ms
[debug] Load.apply: load took 433.740336ms
[debug] Load.apply: resolveProjects took 0.103541ms
[debug] Load.apply: finalTransforms took 7.210208ms
[debug] Load.apply: config.delegates took 0.63148ms
[debug] Load.apply: Def.make(settings)... took 105.804995ms
[debug] Load.apply: structureIndex took 23.188767ms
[debug] Load.apply: mkStreams took 0.00288ms
[info] set current project to tempo (in build file:/Users/rportilla/Downloads/ts/tempo/scala/tempo/)
[debug] > Exec(sbtPopOnFailure, None, None)
[debug] > Exec(resumeFromFailure, None, None)
[debug] > Exec(notifyUsersAboutShell, None, None)
[debug] > Exec(iflast shell, None, None)
[debug] > Exec(~run, None, None)
[info] sbt server started at local:///Users/rportilla/.sbt/1.0/server/c8850a25b6c08bdee945/sock
[info] started sbt server
[debug] > Exec(__runWatch console0, None, None)
[debug] > Exec(sbtStashOnFailure, None, None)
[debug] > Exec(__preWatch console0, None, None)
[debug] > Exec(run, None, None)
[debug] Evaluating tasks: Compile / run
[debug] Running task... Cancel: Signal, check cycles: false, forcegc: true
[info] compiling 1 Scala source to /Users/rportilla/Downloads/ts/tempo/scala/tempo/target/scala-2.12/classes ...
[error] /Users/rportilla/Downloads/ts/tempo/scala/tempo/src/main/scala/com/databrickslabs/tempo/Demo.scala:3:8: object DataFrame is not a member of package org.apache.spark.sql
[error] import org.apache.spark.sql.DataFrame
[error]        ^
[error] /Users/rportilla/Downloads/ts/tempo/scala/tempo/src/main/scala/com/databrickslabs/tempo/Demo.scala:6:12: not found: type DataFrame
[error]   def df : DataFrame
[error]            ^
[error] /Users/rportilla/Downloads/ts/tempo/scala/tempo/src/main/scala/com/databrickslabs/tempo/Demo.scala:12:16: not found: type DataFrame
[error] class tsdf(df: DataFrame, ts: String) extends ts {
[error]                ^
[error] /Users/rportilla/Downloads/ts/tempo/scala/tempo/src/main/scala/com/databrickslabs/tempo/Demo.scala:14:28: not found: type DataFrame
[error]   def asofJoin(obj: Any) : DataFrame = obj
[error]                            ^
[error] /Users/rportilla/Downloads/ts/tempo/scala/tempo/src/main/scala/com/databrickslabs/tempo/Demo.scala:19:16: not found: value spark
[error]     val my_df= spark.range(10)
[error]                ^
[error] 5 errors found
[error] (Compile / compileIncremental) Compilation failed
[error] Total time: 4 s, completed Feb 3, 2021 12:11:00 AM
[debug] > Exec(resumeFromFailure, None, None)
[debug] > Exec(sbtPopOnFailure, None, None)
[debug] > Exec(__postWatch console0, None, None)
[debug] > Exec(__waitWatch console0, None, None)
