[debug] > Exec(__runWatch console0, Some(2d0ee039-efcc-4ece-99f2-ff42899824ce), Some(CommandSource(console0)))
[debug] > Exec(sbtStashOnFailure, None, Some(CommandSource(console0)))
[debug] > Exec(__preWatch console0, None, Some(CommandSource(console0)))
[debug] > Exec(run, None, Some(CommandSource(console0)))
[debug] Evaluating tasks: Compile / run
[debug] Running task... Cancel: Signal, check cycles: false, forcegc: true
[info] compiling 1 Scala source to /Users/rportilla/Downloads/ts/tempo/scala/tempo/target/scala-2.12/classes ...
[error] /Users/rportilla/Downloads/ts/tempo/scala/tempo/src/main/scala/com/databrickslabs/tempo/Demo.scala:15:12: type mismatch;
[error]  found   : Any
[error]  required: org.apache.spark.sql.DataFrame
[error]     (which expands to)  org.apache.spark.sql.Dataset[org.apache.spark.sql.Row]
[error]     return obj
[error]            ^
[error] /Users/rportilla/Downloads/ts/tempo/scala/tempo/src/main/scala/com/databrickslabs/tempo/Demo.scala:21:16: not found: value spark
[error]     val my_df= spark.range(10)
[error]                ^
[error] /Users/rportilla/Downloads/ts/tempo/scala/tempo/src/main/scala/com/databrickslabs/tempo/Demo.scala:22:14: not enough arguments for constructor tsdf: (df: org.apache.spark.sql.DataFrame, ts: String)com.databrickslabs.tempo.tsdf.
[error] Unspecified value parameter ts.
[error]     val p1 = new tsdf(my_df)
[error]              ^
[error] three errors found
[error] (Compile / compileIncremental) Compilation failed
[error] Total time: 0 s, completed Feb 3, 2021 12:16:31 AM
[debug] > Exec(resumeFromFailure, None, Some(CommandSource(console0)))
[debug] > Exec(sbtPopOnFailure, None, Some(CommandSource(console0)))
[debug] > Exec(__postWatch console0, None, Some(CommandSource(console0)))
[debug] > Exec(__waitWatch console0, None, Some(CommandSource(console0)))
