[debug] > Exec(early(addDefaultCommands), None, None)
[debug] > Exec(addDefaultCommands, None, None)
[debug] > Exec(early(initialize), None, None)
[debug] > Exec(initialize, None, None)
[debug] > Exec(boot, None, None)
[debug] > Exec(writeSbtVersion, None, None)
[debug] > Exec(reload, None, None)
[debug] > Exec(sbtStashOnFailure, None, None)
[debug] > Exec(onFailure loadFailed, None, None)
[debug] > Exec(loadp, None, None)
[info] welcome to sbt 1.4.7 (Oracle Corporation Java 1.8.0_181)
[debug]       Load.loadUnit: plugins took 112.484108ms
[debug]       Load.loadUnit: defsScala took 0.625837ms
[debug] [Loading] Scanning directory /Users/rportilla/.sbt/1.0/plugins
[debug]         Load.loadUnit: mkEval took 13.408718ms
[debug] [Loading] Found non-root projects 
[debug] [Loading] Done in /Users/rportilla/.sbt/1.0/plugins, returning: ()
[debug] deducing auto plugins based on known facts Set(Atom(sbt.plugins.CorePlugin)) and clauses Clauses(List(Clause(Atom(sbt.plugins.JvmPlugin),Set(Atom(sbt.plugins.IvyPlugin))), Clause(Atom(sbt.ScriptedPlugin),Set(Atom(sbt.plugins.JvmPlugin))), Clause(Atom(sbt.plugins.SbtPlugin),Set(Atom(sbt.ScriptedPlugin))), Clause(Atom(sbt.plugins.SemanticdbPlugin),Set(Atom(sbt.plugins.JvmPlugin))), Clause(Atom(sbt.plugins.JUnitXmlReportPlugin),Set(Atom(sbt.plugins.JvmPlugin))), Clause(Atom(sbt.plugins.MiniDependencyTreePlugin),Set(Atom(sbt.plugins.JvmPlugin))), Clause(Atom(sbt.plugins.CorePlugin),Set(Atom(sbt.plugins.IvyPlugin))), Clause(Atom(sbt.plugins.IvyPlugin),Set(Atom(sbt.plugins.JvmPlugin))), Clause(Atom(sbt.plugins.JvmPlugin),Set(Atom(sbt.plugins.SemanticdbPlugin))), Clause(Atom(sbt.plugins.JvmPlugin),Set(Atom(sbt.plugins.JUnitXmlReportPlugin))), Clause(Atom(sbt.plugins.CorePlugin),Set(Atom(sbt.plugins.Giter8TemplatePlugin))), Clause(Atom(sbt.plugins.JvmPlugin),Set(Atom(sbt.plugins.MiniDependencyTreePlugin)))))
[debug]   :: deduced result: Matched(sbt.plugins.CorePlugin,sbt.plugins.Giter8TemplatePlugin,sbt.plugins.IvyPlugin,sbt.plugins.JvmPlugin,sbt.plugins.MiniDependencyTreePlugin,sbt.plugins.JUnitXmlReportPlugin,sbt.plugins.SemanticdbPlugin)
[debug] Plugins.deducer#function took 25.392057 ms
[info] loading settings for project global-plugins from idea.sbt ...
[debug]           Load.resolveProject(global-plugins) took 55.963891ms
[debug]         Load.loadTransitive: finalizeProject(Project(id global-plugins, base: /Users/rportilla/.sbt/1.0/plugins, plugins: List(<none>))) took 109.695505ms
[debug] [Loading] Done in /Users/rportilla/.sbt/1.0/plugins, returning: (global-plugins)
[debug]       Load.loadUnit: loadedProjectsRaw took 389.308786ms
[debug]       Load.loadUnit: cleanEvalClasses took 6.744291ms
[debug]     Load.loadUnit(file:/Users/rportilla/.sbt/1.0/plugins/, ...) took 518.983514ms
[debug]   Load.apply: load took 755.28246ms
[debug]   Load.apply: resolveProjects took 7.956742ms
[debug]   Load.apply: finalTransforms took 72.291638ms
[debug]   Load.apply: config.delegates took 9.600051ms
[debug]   Load.apply: Def.make(settings)... took 417.64736ms
[debug]   Load.apply: structureIndex took 107.013952ms
[debug]   Load.apply: mkStreams took 1.855604ms
[info] loading global plugins from /Users/rportilla/.sbt/1.0/plugins
[debug] Running task... Cancel: Signal, check cycles: false, forcegc: true
[debug] Load.defaultLoad until apply took 2996.916672ms
[debug]           Load.loadUnit: plugins took 18.071841ms
[debug]           Load.loadUnit: defsScala took 0.004866ms
[debug] [Loading] Scanning directory /Users/rportilla/Downloads/ts/tempo/scala/tempo/project
[debug] [Loading] Found non-root projects 
[debug] [Loading] Done in /Users/rportilla/Downloads/ts/tempo/scala/tempo/project, returning: ()
[debug] deducing auto plugins based on known facts Set(Atom(sbt.plugins.CorePlugin)) and clauses Clauses(List(Clause(Atom(sbt.plugins.JvmPlugin),Set(Atom(sbt.plugins.IvyPlugin))), Clause(Atom(sbt.ScriptedPlugin),Set(Atom(sbt.plugins.JvmPlugin))), Clause(Atom(sbt.plugins.SbtPlugin),Set(Atom(sbt.ScriptedPlugin))), Clause(Atom(sbt.plugins.SemanticdbPlugin),Set(Atom(sbt.plugins.JvmPlugin))), Clause(Atom(sbt.plugins.JUnitXmlReportPlugin),Set(Atom(sbt.plugins.JvmPlugin))), Clause(Atom(sbt.plugins.MiniDependencyTreePlugin),Set(Atom(sbt.plugins.JvmPlugin))), Clause(Atom(sbt.plugins.CorePlugin),Set(Atom(sbt.plugins.IvyPlugin))), Clause(Atom(sbt.plugins.IvyPlugin),Set(Atom(sbt.plugins.JvmPlugin))), Clause(Atom(sbt.plugins.JvmPlugin),Set(Atom(sbt.plugins.SemanticdbPlugin))), Clause(Atom(sbt.plugins.JvmPlugin),Set(Atom(sbt.plugins.JUnitXmlReportPlugin))), Clause(Atom(sbt.plugins.CorePlugin),Set(Atom(sbt.plugins.Giter8TemplatePlugin))), Clause(Atom(sbt.plugins.JvmPlugin),Set(Atom(sbt.plugins.MiniDependencyTreePlugin)))))
[debug]   :: deduced result: Matched(sbt.plugins.CorePlugin,sbt.plugins.Giter8TemplatePlugin,sbt.plugins.IvyPlugin,sbt.plugins.JvmPlugin,sbt.plugins.MiniDependencyTreePlugin,sbt.plugins.JUnitXmlReportPlugin,sbt.plugins.SemanticdbPlugin)
[debug] Plugins.deducer#function took 2.028818 ms
[debug]               Load.resolveProject(tempo-build) took 1.157542ms
[debug]             Load.loadTransitive: finalizeProject(Project(id tempo-build, base: /Users/rportilla/Downloads/ts/tempo/scala/tempo/project, plugins: List(<none>))) took 3.786011ms
[debug] [Loading] Done in /Users/rportilla/Downloads/ts/tempo/scala/tempo/project, returning: (tempo-build)
[debug]           Load.loadUnit: loadedProjectsRaw took 5.595164ms
[debug]           Load.loadUnit: cleanEvalClasses took 0.012611ms
[debug]         Load.loadUnit(file:/Users/rportilla/Downloads/ts/tempo/scala/tempo/project/, ...) took 24.589094ms
[debug]       Load.apply: load took 25.784296ms
[debug]       Load.apply: resolveProjects took 0.105163ms
[debug]       Load.apply: finalTransforms took 8.605167ms
[debug]       Load.apply: config.delegates took 0.404037ms
[debug]       Load.apply: Def.make(settings)... took 64.294827ms
[debug]       Load.apply: structureIndex took 29.236028ms
[debug]       Load.apply: mkStreams took 0.002755ms
[info] loading project definition from /Users/rportilla/Downloads/ts/tempo/scala/tempo/project
[debug] Running task... Cancel: Signal, check cycles: false, forcegc: true
[debug]     Load.loadUnit: plugins took 281.875562ms
[debug]     Load.loadUnit: defsScala took 0.003386ms
[debug] [Loading] Scanning directory /Users/rportilla/Downloads/ts/tempo/scala/tempo
[debug]       Load.loadUnit: mkEval took 0.230141ms
[debug] [Loading] Found non-root projects 
[debug] [Loading] Done in /Users/rportilla/Downloads/ts/tempo/scala/tempo, returning: ()
[debug] deducing auto plugins based on known facts Set(Atom(sbt.plugins.CorePlugin)) and clauses Clauses(List(Clause(Atom(sbt.plugins.JvmPlugin),Set(Atom(sbt.plugins.IvyPlugin))), Clause(Atom(sbt.ScriptedPlugin),Set(Atom(sbt.plugins.JvmPlugin))), Clause(Atom(sbt.plugins.SbtPlugin),Set(Atom(sbt.ScriptedPlugin))), Clause(Atom(sbt.plugins.SemanticdbPlugin),Set(Atom(sbt.plugins.JvmPlugin))), Clause(Atom(sbt.plugins.JUnitXmlReportPlugin),Set(Atom(sbt.plugins.JvmPlugin))), Clause(Atom(sbt.plugins.MiniDependencyTreePlugin),Set(Atom(sbt.plugins.JvmPlugin))), Clause(Atom(sbt.plugins.CorePlugin),Set(Atom(sbt.plugins.IvyPlugin))), Clause(Atom(sbt.plugins.IvyPlugin),Set(Atom(sbt.plugins.JvmPlugin))), Clause(Atom(sbt.plugins.JvmPlugin),Set(Atom(sbt.plugins.SemanticdbPlugin))), Clause(Atom(sbt.plugins.JvmPlugin),Set(Atom(sbt.plugins.JUnitXmlReportPlugin))), Clause(Atom(sbt.plugins.CorePlugin),Set(Atom(sbt.plugins.Giter8TemplatePlugin))), Clause(Atom(sbt.plugins.JvmPlugin),Set(Atom(sbt.plugins.MiniDependencyTreePlugin)))))
[debug]   :: deduced result: Matched(sbt.plugins.CorePlugin,sbt.plugins.Giter8TemplatePlugin,sbt.plugins.IvyPlugin,sbt.plugins.JvmPlugin,sbt.plugins.MiniDependencyTreePlugin,sbt.plugins.JUnitXmlReportPlugin,sbt.plugins.SemanticdbPlugin)
[debug] Plugins.deducer#function took 1.655854 ms
[info] loading settings for project tempo from build.sbt ...
[debug]         Load.resolveProject(tempo) took 1.431019ms
[debug]       Load.loadTransitive: finalizeProject(Project(id tempo, base: /Users/rportilla/Downloads/ts/tempo/scala/tempo, plugins: List(<none>))) took 3.567596ms
[debug] [Loading] Done in /Users/rportilla/Downloads/ts/tempo/scala/tempo, returning: (tempo)
[debug]     Load.loadUnit: loadedProjectsRaw took 1801.776355ms
[debug]     Load.loadUnit: cleanEvalClasses took 1.874351ms
[debug]   Load.loadUnit(file:/Users/rportilla/Downloads/ts/tempo/scala/tempo/, ...) took 2086.241119ms
[debug] Load.apply: load took 2087.387588ms
[debug] Load.apply: resolveProjects took 0.108979ms
[debug] Load.apply: finalTransforms took 7.692689ms
[debug] Load.apply: config.delegates took 0.473531ms
[debug] Load.apply: Def.make(settings)... took 108.522948ms
[debug] Load.apply: structureIndex took 22.586771ms
[debug] Load.apply: mkStreams took 0.003369ms
[info] set current project to tempo (in build file:/Users/rportilla/Downloads/ts/tempo/scala/tempo/)
[debug] > Exec(sbtPopOnFailure, None, None)
[debug] > Exec(resumeFromFailure, None, None)
[debug] > Exec(notifyUsersAboutShell, None, None)
[debug] > Exec(iflast shell, None, None)
[debug] > Exec(~run, None, None)
[info] sbt server started at local:///Users/rportilla/.sbt/1.0/server/c8850a25b6c08bdee945/sock
[info] started sbt server
[debug] > Exec(__runWatch console0, None, None)
[debug] > Exec(sbtStashOnFailure, None, None)
[debug] > Exec(__preWatch console0, None, None)
[debug] > Exec(run, None, None)
[debug] Evaluating tasks: Compile / run
[debug] Running task... Cancel: Signal, check cycles: false, forcegc: true
[warn] There may be incompatibilities among your library dependencies; run 'evicted' to see detailed eviction warnings.
[info] compiling 1 Scala source to /Users/rportilla/Downloads/ts/tempo/scala/tempo/target/scala-2.12/classes ...
[error] /Users/rportilla/Downloads/ts/tempo/scala/tempo/src/main/scala/com/databrickslabs/tempo/Demo.scala:14:40: type mismatch;
[error]  found   : Any
[error]  required: org.apache.spark.sql.DataFrame
[error]     (which expands to)  org.apache.spark.sql.Dataset[org.apache.spark.sql.Row]
[error]   def asofJoin(obj: Any) : DataFrame = obj
[error]                                        ^
[error] /Users/rportilla/Downloads/ts/tempo/scala/tempo/src/main/scala/com/databrickslabs/tempo/Demo.scala:19:16: not found: value spark
[error]     val my_df= spark.range(10)
[error]                ^
[error] /Users/rportilla/Downloads/ts/tempo/scala/tempo/src/main/scala/com/databrickslabs/tempo/Demo.scala:20:14: not enough arguments for constructor tsdf: (df: org.apache.spark.sql.DataFrame, ts: String)com.databrickslabs.tempo.tsdf.
[error] Unspecified value parameter ts.
[error]     val p1 = new tsdf(my_df)
[error]              ^
[error] three errors found
[error] (Compile / compileIncremental) Compilation failed
[error] Total time: 18 s, completed Feb 3, 2021 12:12:32 AM
[debug] > Exec(resumeFromFailure, None, None)
[debug] > Exec(sbtPopOnFailure, None, None)
[debug] > Exec(__postWatch console0, None, None)
[debug] > Exec(__waitWatch console0, None, None)
