[debug] > Exec(early(addDefaultCommands), None, None)
[debug] > Exec(addDefaultCommands, None, None)
[debug] > Exec(early(initialize), None, None)
[debug] > Exec(initialize, None, None)
[debug] > Exec(boot, None, None)
[debug] > Exec(writeSbtVersion, None, None)
[debug] > Exec(reload, None, None)
[debug] > Exec(sbtStashOnFailure, None, None)
[debug] > Exec(onFailure loadFailed, None, None)
[debug] > Exec(loadp, None, None)
[info] welcome to sbt 1.4.7 (Oracle Corporation Java 1.8.0_181)
[debug]       Load.loadUnit: plugins took 117.307603ms
[debug]       Load.loadUnit: defsScala took 0.529522ms
[debug] [Loading] Scanning directory /Users/rportilla/.sbt/1.0/plugins
[debug]         Load.loadUnit: mkEval took 12.235109ms
[debug] [Loading] Found non-root projects 
[debug] [Loading] Done in /Users/rportilla/.sbt/1.0/plugins, returning: ()
[debug] deducing auto plugins based on known facts Set(Atom(sbt.plugins.CorePlugin)) and clauses Clauses(List(Clause(Atom(sbt.plugins.JvmPlugin),Set(Atom(sbt.plugins.IvyPlugin))), Clause(Atom(sbt.ScriptedPlugin),Set(Atom(sbt.plugins.JvmPlugin))), Clause(Atom(sbt.plugins.SbtPlugin),Set(Atom(sbt.ScriptedPlugin))), Clause(Atom(sbt.plugins.SemanticdbPlugin),Set(Atom(sbt.plugins.JvmPlugin))), Clause(Atom(sbt.plugins.JUnitXmlReportPlugin),Set(Atom(sbt.plugins.JvmPlugin))), Clause(Atom(sbt.plugins.MiniDependencyTreePlugin),Set(Atom(sbt.plugins.JvmPlugin))), Clause(Atom(sbt.plugins.CorePlugin),Set(Atom(sbt.plugins.IvyPlugin))), Clause(Atom(sbt.plugins.IvyPlugin),Set(Atom(sbt.plugins.JvmPlugin))), Clause(Atom(sbt.plugins.JvmPlugin),Set(Atom(sbt.plugins.SemanticdbPlugin))), Clause(Atom(sbt.plugins.JvmPlugin),Set(Atom(sbt.plugins.JUnitXmlReportPlugin))), Clause(Atom(sbt.plugins.CorePlugin),Set(Atom(sbt.plugins.Giter8TemplatePlugin))), Clause(Atom(sbt.plugins.JvmPlugin),Set(Atom(sbt.plugins.MiniDependencyTreePlugin)))))
[debug]   :: deduced result: Matched(sbt.plugins.CorePlugin,sbt.plugins.Giter8TemplatePlugin,sbt.plugins.IvyPlugin,sbt.plugins.JvmPlugin,sbt.plugins.MiniDependencyTreePlugin,sbt.plugins.JUnitXmlReportPlugin,sbt.plugins.SemanticdbPlugin)
[debug] Plugins.deducer#function took 23.347402 ms
[info] loading settings for project global-plugins from idea.sbt ...
[debug]           Load.resolveProject(global-plugins) took 53.143342ms
[debug]         Load.loadTransitive: finalizeProject(Project(id global-plugins, base: /Users/rportilla/.sbt/1.0/plugins, plugins: List(<none>))) took 109.829502ms
[debug] [Loading] Done in /Users/rportilla/.sbt/1.0/plugins, returning: (global-plugins)
[debug]       Load.loadUnit: loadedProjectsRaw took 379.135943ms
[debug]       Load.loadUnit: cleanEvalClasses took 9.479638ms
[debug]     Load.loadUnit(file:/Users/rportilla/.sbt/1.0/plugins/, ...) took 517.318615ms
[debug]   Load.apply: load took 756.397108ms
[debug]   Load.apply: resolveProjects took 9.071322ms
[debug]   Load.apply: finalTransforms took 76.143492ms
[debug]   Load.apply: config.delegates took 11.333707ms
[debug]   Load.apply: Def.make(settings)... took 411.341911ms
[debug]   Load.apply: structureIndex took 104.707861ms
[debug]   Load.apply: mkStreams took 2.097169ms
[info] loading global plugins from /Users/rportilla/.sbt/1.0/plugins
[debug] Running task... Cancel: Signal, check cycles: false, forcegc: true
[debug] Load.defaultLoad until apply took 3071.571675ms
[debug]           Load.loadUnit: plugins took 14.203152ms
[debug]           Load.loadUnit: defsScala took 0.004184ms
[debug] [Loading] Scanning directory /Users/rportilla/Downloads/ts/tempo/scala/tempo/project
[debug] [Loading] Found non-root projects 
[debug] [Loading] Done in /Users/rportilla/Downloads/ts/tempo/scala/tempo/project, returning: ()
[debug] deducing auto plugins based on known facts Set(Atom(sbt.plugins.CorePlugin)) and clauses Clauses(List(Clause(Atom(sbt.plugins.JvmPlugin),Set(Atom(sbt.plugins.IvyPlugin))), Clause(Atom(sbt.ScriptedPlugin),Set(Atom(sbt.plugins.JvmPlugin))), Clause(Atom(sbt.plugins.SbtPlugin),Set(Atom(sbt.ScriptedPlugin))), Clause(Atom(sbt.plugins.SemanticdbPlugin),Set(Atom(sbt.plugins.JvmPlugin))), Clause(Atom(sbt.plugins.JUnitXmlReportPlugin),Set(Atom(sbt.plugins.JvmPlugin))), Clause(Atom(sbt.plugins.MiniDependencyTreePlugin),Set(Atom(sbt.plugins.JvmPlugin))), Clause(Atom(sbt.plugins.CorePlugin),Set(Atom(sbt.plugins.IvyPlugin))), Clause(Atom(sbt.plugins.IvyPlugin),Set(Atom(sbt.plugins.JvmPlugin))), Clause(Atom(sbt.plugins.JvmPlugin),Set(Atom(sbt.plugins.SemanticdbPlugin))), Clause(Atom(sbt.plugins.JvmPlugin),Set(Atom(sbt.plugins.JUnitXmlReportPlugin))), Clause(Atom(sbt.plugins.CorePlugin),Set(Atom(sbt.plugins.Giter8TemplatePlugin))), Clause(Atom(sbt.plugins.JvmPlugin),Set(Atom(sbt.plugins.MiniDependencyTreePlugin)))))
[debug]   :: deduced result: Matched(sbt.plugins.CorePlugin,sbt.plugins.Giter8TemplatePlugin,sbt.plugins.IvyPlugin,sbt.plugins.JvmPlugin,sbt.plugins.MiniDependencyTreePlugin,sbt.plugins.JUnitXmlReportPlugin,sbt.plugins.SemanticdbPlugin)
[debug] Plugins.deducer#function took 2.364774 ms
[debug]               Load.resolveProject(tempo-build) took 1.098491ms
[debug]             Load.loadTransitive: finalizeProject(Project(id tempo-build, base: /Users/rportilla/Downloads/ts/tempo/scala/tempo/project, plugins: List(<none>))) took 4.113667ms
[debug] [Loading] Done in /Users/rportilla/Downloads/ts/tempo/scala/tempo/project, returning: (tempo-build)
[debug]           Load.loadUnit: loadedProjectsRaw took 6.178381ms
[debug]           Load.loadUnit: cleanEvalClasses took 0.017045ms
[debug]         Load.loadUnit(file:/Users/rportilla/Downloads/ts/tempo/scala/tempo/project/, ...) took 21.132836ms
[debug]       Load.apply: load took 22.197383ms
[debug]       Load.apply: resolveProjects took 0.110019ms
[debug]       Load.apply: finalTransforms took 9.307806ms
[debug]       Load.apply: config.delegates took 0.337504ms
[debug]       Load.apply: Def.make(settings)... took 63.793186ms
[debug]       Load.apply: structureIndex took 26.421856ms
[debug]       Load.apply: mkStreams took 0.002692ms
[info] loading project definition from /Users/rportilla/Downloads/ts/tempo/scala/tempo/project
[debug] Running task... Cancel: Signal, check cycles: false, forcegc: true
[debug]     Load.loadUnit: plugins took 259.130462ms
[debug]     Load.loadUnit: defsScala took 0.002759ms
[debug] [Loading] Scanning directory /Users/rportilla/Downloads/ts/tempo/scala/tempo
[debug]       Load.loadUnit: mkEval took 0.1591ms
[debug] [Loading] Found non-root projects 
[debug] [Loading] Done in /Users/rportilla/Downloads/ts/tempo/scala/tempo, returning: ()
[debug] deducing auto plugins based on known facts Set(Atom(sbt.plugins.CorePlugin)) and clauses Clauses(List(Clause(Atom(sbt.plugins.JvmPlugin),Set(Atom(sbt.plugins.IvyPlugin))), Clause(Atom(sbt.ScriptedPlugin),Set(Atom(sbt.plugins.JvmPlugin))), Clause(Atom(sbt.plugins.SbtPlugin),Set(Atom(sbt.ScriptedPlugin))), Clause(Atom(sbt.plugins.SemanticdbPlugin),Set(Atom(sbt.plugins.JvmPlugin))), Clause(Atom(sbt.plugins.JUnitXmlReportPlugin),Set(Atom(sbt.plugins.JvmPlugin))), Clause(Atom(sbt.plugins.MiniDependencyTreePlugin),Set(Atom(sbt.plugins.JvmPlugin))), Clause(Atom(sbt.plugins.CorePlugin),Set(Atom(sbt.plugins.IvyPlugin))), Clause(Atom(sbt.plugins.IvyPlugin),Set(Atom(sbt.plugins.JvmPlugin))), Clause(Atom(sbt.plugins.JvmPlugin),Set(Atom(sbt.plugins.SemanticdbPlugin))), Clause(Atom(sbt.plugins.JvmPlugin),Set(Atom(sbt.plugins.JUnitXmlReportPlugin))), Clause(Atom(sbt.plugins.CorePlugin),Set(Atom(sbt.plugins.Giter8TemplatePlugin))), Clause(Atom(sbt.plugins.JvmPlugin),Set(Atom(sbt.plugins.MiniDependencyTreePlugin)))))
[debug]   :: deduced result: Matched(sbt.plugins.CorePlugin,sbt.plugins.Giter8TemplatePlugin,sbt.plugins.IvyPlugin,sbt.plugins.JvmPlugin,sbt.plugins.MiniDependencyTreePlugin,sbt.plugins.JUnitXmlReportPlugin,sbt.plugins.SemanticdbPlugin)
[debug] Plugins.deducer#function took 1.534413 ms
[info] loading settings for project tempo from build.sbt ...
[debug]         Load.resolveProject(tempo) took 1.408936ms
[debug]       Load.loadTransitive: finalizeProject(Project(id tempo, base: /Users/rportilla/Downloads/ts/tempo/scala/tempo, plugins: List(<none>))) took 3.367879ms
[debug] [Loading] Done in /Users/rportilla/Downloads/ts/tempo/scala/tempo, returning: (tempo)
[debug]     Load.loadUnit: loadedProjectsRaw took 22.451392ms
[debug]     Load.loadUnit: cleanEvalClasses took 0.926078ms
[debug]   Load.loadUnit(file:/Users/rportilla/Downloads/ts/tempo/scala/tempo/, ...) took 283.081804ms
[debug] Load.apply: load took 284.137742ms
[debug] Load.apply: resolveProjects took 0.13817ms
[debug] Load.apply: finalTransforms took 6.29809ms
[debug] Load.apply: config.delegates took 0.301682ms
[debug] Load.apply: Def.make(settings)... took 50.456018ms
[debug] Load.apply: structureIndex took 24.727397ms
[debug] Load.apply: mkStreams took 0.003559ms
[info] set current project to tempo (in build file:/Users/rportilla/Downloads/ts/tempo/scala/tempo/)
[debug] > Exec(sbtPopOnFailure, None, None)
[debug] > Exec(resumeFromFailure, None, None)
[debug] > Exec(notifyUsersAboutShell, None, None)
[debug] > Exec(iflast shell, None, None)
[debug] > Exec(~run, None, None)
[info] sbt server started at local:///Users/rportilla/.sbt/1.0/server/c8850a25b6c08bdee945/sock
[info] started sbt server
[debug] > Exec(__runWatch console0, None, None)
[debug] > Exec(sbtStashOnFailure, None, None)
[debug] > Exec(__preWatch console0, None, None)
[debug] > Exec(run, None, None)
[debug] Evaluating tasks: Compile / run
[debug] Running task... Cancel: Signal, check cycles: false, forcegc: true
[info] compiling 1 Scala source to /Users/rportilla/Downloads/ts/tempo/scala/tempo/target/scala-2.12/classes ...
[error] /Users/rportilla/Downloads/ts/tempo/scala/tempo/src/main/scala/com/databrickslabs/tempo/Demo.scala:3:12: object apache is not a member of package org
[error] import org.apache.spark.sql.DataFrame
[error]            ^
[error] /Users/rportilla/Downloads/ts/tempo/scala/tempo/src/main/scala/com/databrickslabs/tempo/Demo.scala:6:12: not found: type DataFrame
[error]   def df : DataFrame
[error]            ^
[error] /Users/rportilla/Downloads/ts/tempo/scala/tempo/src/main/scala/com/databrickslabs/tempo/Demo.scala:12:16: not found: type DataFrame
[error] class tsdf(df: DataFrame, ts: String) extends ts {
[error]                ^
[error] /Users/rportilla/Downloads/ts/tempo/scala/tempo/src/main/scala/com/databrickslabs/tempo/Demo.scala:14:28: not found: type DataFrame
[error]   def asofJoin(obj: Any) : DataFrame = obj
[error]                            ^
[error] /Users/rportilla/Downloads/ts/tempo/scala/tempo/src/main/scala/com/databrickslabs/tempo/Demo.scala:19:16: not found: value spark
[error]     val my_df= spark.range(10)
[error]                ^
[error] 5 errors found
[error] (Compile / compileIncremental) Compilation failed
[error] Total time: 3 s, completed Feb 2, 2021 11:44:31 PM
[debug] > Exec(resumeFromFailure, None, None)
[debug] > Exec(sbtPopOnFailure, None, None)
[debug] > Exec(__postWatch console0, None, None)
[debug] > Exec(__waitWatch console0, None, None)
