[debug] > Exec(__runWatch console0, Some(907f7113-3cfd-45df-a643-d4d214973484), Some(CommandSource(console0)))
[debug] > Exec(sbtStashOnFailure, None, Some(CommandSource(console0)))
[debug] > Exec(__preWatch console0, None, Some(CommandSource(console0)))
[debug] > Exec(run, None, Some(CommandSource(console0)))
[debug] Evaluating tasks: Compile / run
[debug] Running task... Cancel: Signal, check cycles: false, forcegc: true
[info] compiling 1 Scala source to /Users/rportilla/Downloads/ts/tempo/scala/tempo/target/scala-2.12/classes ...
[error] /Users/rportilla/Downloads/ts/tempo/scala/tempo/src/main/scala/com/databrickslabs/tempo/Demo.scala:30:11: illegal start of statement
[error]           ...
[error]           ^
[error] /Users/rportilla/Downloads/ts/tempo/scala/tempo/src/main/scala/com/databrickslabs/tempo/Demo.scala:33:11: illegal start of statement
[error]           ...
[error]           ^
[error] two errors found
[error] (Compile / compileIncremental) Compilation failed
[error] Total time: 0 s, completed Feb 3, 2021 12:19:01 AM
[debug] > Exec(resumeFromFailure, None, Some(CommandSource(console0)))
[debug] > Exec(sbtPopOnFailure, None, Some(CommandSource(console0)))
[debug] > Exec(__postWatch console0, None, Some(CommandSource(console0)))
[debug] > Exec(__waitWatch console0, None, Some(CommandSource(console0)))
