[debug] > Exec(early(addDefaultCommands), None, None)
[debug] > Exec(addDefaultCommands, None, None)
[debug] > Exec(early(initialize), None, None)
[debug] > Exec(initialize, None, None)
[debug] > Exec(boot, None, None)
[debug] > Exec(writeSbtVersion, None, None)
[debug] > Exec(reload, None, None)
[debug] > Exec(sbtStashOnFailure, None, None)
[debug] > Exec(onFailure loadFailed, None, None)
[debug] > Exec(loadp, None, None)
[info] welcome to sbt 1.4.7 (Oracle Corporation Java 1.8.0_181)
[debug]       Load.loadUnit: plugins took 111.43003ms
[debug]       Load.loadUnit: defsScala took 0.448041ms
[debug] [Loading] Scanning directory /Users/rportilla/.sbt/1.0/plugins
[debug]         Load.loadUnit: mkEval took 9.820373ms
[debug] [Loading] Found non-root projects 
[debug] [Loading] Done in /Users/rportilla/.sbt/1.0/plugins, returning: ()
[debug] deducing auto plugins based on known facts Set(Atom(sbt.plugins.CorePlugin)) and clauses Clauses(List(Clause(Atom(sbt.plugins.JvmPlugin),Set(Atom(sbt.plugins.IvyPlugin))), Clause(Atom(sbt.ScriptedPlugin),Set(Atom(sbt.plugins.JvmPlugin))), Clause(Atom(sbt.plugins.SbtPlugin),Set(Atom(sbt.ScriptedPlugin))), Clause(Atom(sbt.plugins.SemanticdbPlugin),Set(Atom(sbt.plugins.JvmPlugin))), Clause(Atom(sbt.plugins.JUnitXmlReportPlugin),Set(Atom(sbt.plugins.JvmPlugin))), Clause(Atom(sbt.plugins.MiniDependencyTreePlugin),Set(Atom(sbt.plugins.JvmPlugin))), Clause(Atom(sbt.plugins.CorePlugin),Set(Atom(sbt.plugins.IvyPlugin))), Clause(Atom(sbt.plugins.IvyPlugin),Set(Atom(sbt.plugins.JvmPlugin))), Clause(Atom(sbt.plugins.JvmPlugin),Set(Atom(sbt.plugins.SemanticdbPlugin))), Clause(Atom(sbt.plugins.JvmPlugin),Set(Atom(sbt.plugins.JUnitXmlReportPlugin))), Clause(Atom(sbt.plugins.CorePlugin),Set(Atom(sbt.plugins.Giter8TemplatePlugin))), Clause(Atom(sbt.plugins.JvmPlugin),Set(Atom(sbt.plugins.MiniDependencyTreePlugin)))))
[debug]   :: deduced result: Matched(sbt.plugins.CorePlugin,sbt.plugins.Giter8TemplatePlugin,sbt.plugins.IvyPlugin,sbt.plugins.JvmPlugin,sbt.plugins.MiniDependencyTreePlugin,sbt.plugins.JUnitXmlReportPlugin,sbt.plugins.SemanticdbPlugin)
[debug] Plugins.deducer#function took 33.353002 ms
[info] loading settings for project global-plugins from idea.sbt ...
[debug]           Load.resolveProject(global-plugins) took 53.517339ms
[debug]         Load.loadTransitive: finalizeProject(Project(id global-plugins, base: /Users/rportilla/.sbt/1.0/plugins, plugins: List(<none>))) took 245.677137ms
[debug] [Loading] Done in /Users/rportilla/.sbt/1.0/plugins, returning: (global-plugins)
[debug]       Load.loadUnit: loadedProjectsRaw took 469.435524ms
[debug]       Load.loadUnit: cleanEvalClasses took 7.709605ms
[debug]     Load.loadUnit(file:/Users/rportilla/.sbt/1.0/plugins/, ...) took 598.647779ms
[debug]   Load.apply: load took 834.14207ms
[debug]   Load.apply: resolveProjects took 9.346975ms
[debug]   Load.apply: finalTransforms took 79.73392ms
[debug]   Load.apply: config.delegates took 9.647525ms
[debug]   Load.apply: Def.make(settings)... took 392.639422ms
[debug]   Load.apply: structureIndex took 105.300726ms
[debug]   Load.apply: mkStreams took 2.536779ms
[info] loading global plugins from /Users/rportilla/.sbt/1.0/plugins
[debug] Running task... Cancel: Signal, check cycles: false, forcegc: true
[debug] Load.defaultLoad until apply took 3065.976476ms
[debug]           Load.loadUnit: plugins took 14.33269ms
[debug]           Load.loadUnit: defsScala took 0.003473ms
[debug] [Loading] Scanning directory /Users/rportilla/Downloads/ts/tempo/scala/tempo/project
[debug] [Loading] Found non-root projects 
[debug] [Loading] Done in /Users/rportilla/Downloads/ts/tempo/scala/tempo/project, returning: ()
[debug] deducing auto plugins based on known facts Set(Atom(sbt.plugins.CorePlugin)) and clauses Clauses(List(Clause(Atom(sbt.plugins.JvmPlugin),Set(Atom(sbt.plugins.IvyPlugin))), Clause(Atom(sbt.ScriptedPlugin),Set(Atom(sbt.plugins.JvmPlugin))), Clause(Atom(sbt.plugins.SbtPlugin),Set(Atom(sbt.ScriptedPlugin))), Clause(Atom(sbt.plugins.SemanticdbPlugin),Set(Atom(sbt.plugins.JvmPlugin))), Clause(Atom(sbt.plugins.JUnitXmlReportPlugin),Set(Atom(sbt.plugins.JvmPlugin))), Clause(Atom(sbt.plugins.MiniDependencyTreePlugin),Set(Atom(sbt.plugins.JvmPlugin))), Clause(Atom(sbt.plugins.CorePlugin),Set(Atom(sbt.plugins.IvyPlugin))), Clause(Atom(sbt.plugins.IvyPlugin),Set(Atom(sbt.plugins.JvmPlugin))), Clause(Atom(sbt.plugins.JvmPlugin),Set(Atom(sbt.plugins.SemanticdbPlugin))), Clause(Atom(sbt.plugins.JvmPlugin),Set(Atom(sbt.plugins.JUnitXmlReportPlugin))), Clause(Atom(sbt.plugins.CorePlugin),Set(Atom(sbt.plugins.Giter8TemplatePlugin))), Clause(Atom(sbt.plugins.JvmPlugin),Set(Atom(sbt.plugins.MiniDependencyTreePlugin)))))
[debug]   :: deduced result: Matched(sbt.plugins.CorePlugin,sbt.plugins.Giter8TemplatePlugin,sbt.plugins.IvyPlugin,sbt.plugins.JvmPlugin,sbt.plugins.MiniDependencyTreePlugin,sbt.plugins.JUnitXmlReportPlugin,sbt.plugins.SemanticdbPlugin)
[debug] Plugins.deducer#function took 1.897221 ms
[debug]               Load.resolveProject(tempo-build) took 1.0851ms
[debug]             Load.loadTransitive: finalizeProject(Project(id tempo-build, base: /Users/rportilla/Downloads/ts/tempo/scala/tempo/project, plugins: List(<none>))) took 3.482824ms
[debug] [Loading] Done in /Users/rportilla/Downloads/ts/tempo/scala/tempo/project, returning: (tempo-build)
[debug]           Load.loadUnit: loadedProjectsRaw took 4.987474ms
[debug]           Load.loadUnit: cleanEvalClasses took 0.010436ms
[debug]         Load.loadUnit(file:/Users/rportilla/Downloads/ts/tempo/scala/tempo/project/, ...) took 20.010866ms
[debug]       Load.apply: load took 21.162245ms
[debug]       Load.apply: resolveProjects took 0.093312ms
[debug]       Load.apply: finalTransforms took 7.715255ms
[debug]       Load.apply: config.delegates took 0.388657ms
[debug]       Load.apply: Def.make(settings)... took 66.68327ms
[debug]       Load.apply: structureIndex took 29.227216ms
[debug]       Load.apply: mkStreams took 0.002311ms
[info] loading project definition from /Users/rportilla/Downloads/ts/tempo/scala/tempo/project
[debug] Running task... Cancel: Signal, check cycles: false, forcegc: true
[debug]     Load.loadUnit: plugins took 288.859589ms
[debug]     Load.loadUnit: defsScala took 0.002297ms
[debug] [Loading] Scanning directory /Users/rportilla/Downloads/ts/tempo/scala/tempo
[debug]       Load.loadUnit: mkEval took 0.285952ms
[debug] [Loading] Found non-root projects 
[debug] [Loading] Done in /Users/rportilla/Downloads/ts/tempo/scala/tempo, returning: ()
[debug] deducing auto plugins based on known facts Set(Atom(sbt.plugins.CorePlugin)) and clauses Clauses(List(Clause(Atom(sbt.plugins.JvmPlugin),Set(Atom(sbt.plugins.IvyPlugin))), Clause(Atom(sbt.ScriptedPlugin),Set(Atom(sbt.plugins.JvmPlugin))), Clause(Atom(sbt.plugins.SbtPlugin),Set(Atom(sbt.ScriptedPlugin))), Clause(Atom(sbt.plugins.SemanticdbPlugin),Set(Atom(sbt.plugins.JvmPlugin))), Clause(Atom(sbt.plugins.JUnitXmlReportPlugin),Set(Atom(sbt.plugins.JvmPlugin))), Clause(Atom(sbt.plugins.MiniDependencyTreePlugin),Set(Atom(sbt.plugins.JvmPlugin))), Clause(Atom(sbt.plugins.CorePlugin),Set(Atom(sbt.plugins.IvyPlugin))), Clause(Atom(sbt.plugins.IvyPlugin),Set(Atom(sbt.plugins.JvmPlugin))), Clause(Atom(sbt.plugins.JvmPlugin),Set(Atom(sbt.plugins.SemanticdbPlugin))), Clause(Atom(sbt.plugins.JvmPlugin),Set(Atom(sbt.plugins.JUnitXmlReportPlugin))), Clause(Atom(sbt.plugins.CorePlugin),Set(Atom(sbt.plugins.Giter8TemplatePlugin))), Clause(Atom(sbt.plugins.JvmPlugin),Set(Atom(sbt.plugins.MiniDependencyTreePlugin)))))
[debug]   :: deduced result: Matched(sbt.plugins.CorePlugin,sbt.plugins.Giter8TemplatePlugin,sbt.plugins.IvyPlugin,sbt.plugins.JvmPlugin,sbt.plugins.MiniDependencyTreePlugin,sbt.plugins.JUnitXmlReportPlugin,sbt.plugins.SemanticdbPlugin)
[debug] Plugins.deducer#function took 1.545245 ms
[info] loading settings for project tempo from build.sbt ...
[debug]         Load.resolveProject(tempo) took 1.28048ms
[debug]       Load.loadTransitive: finalizeProject(Project(id tempo, base: /Users/rportilla/Downloads/ts/tempo/scala/tempo, plugins: List(<none>))) took 3.252995ms
[debug] [Loading] Done in /Users/rportilla/Downloads/ts/tempo/scala/tempo, returning: (tempo)
[debug]     Load.loadUnit: loadedProjectsRaw took 29.745357ms
[debug]     Load.loadUnit: cleanEvalClasses took 1.069605ms
[debug]   Load.loadUnit(file:/Users/rportilla/Downloads/ts/tempo/scala/tempo/, ...) took 320.336871ms
[debug] Load.apply: load took 321.370641ms
[debug] Load.apply: resolveProjects took 0.088545ms
[debug] Load.apply: finalTransforms took 6.509647ms
[debug] Load.apply: config.delegates took 0.433428ms
[debug] Load.apply: Def.make(settings)... took 92.516505ms
[debug] Load.apply: structureIndex took 21.730493ms
[debug] Load.apply: mkStreams took 0.003274ms
[info] set current project to tempo (in build file:/Users/rportilla/Downloads/ts/tempo/scala/tempo/)
[debug] > Exec(sbtPopOnFailure, None, None)
[debug] > Exec(resumeFromFailure, None, None)
[debug] > Exec(notifyUsersAboutShell, None, None)
[debug] > Exec(iflast shell, None, None)
[debug] > Exec(~run, None, None)
[info] sbt server started at local:///Users/rportilla/.sbt/1.0/server/c8850a25b6c08bdee945/sock
[info] started sbt server
[debug] > Exec(__runWatch console0, None, None)
[debug] > Exec(sbtStashOnFailure, None, None)
[debug] > Exec(__preWatch console0, None, None)
[debug] > Exec(run, None, None)
[debug] Evaluating tasks: Compile / run
[debug] Running task... Cancel: Signal, check cycles: false, forcegc: true
[info] compiling 1 Scala source to /Users/rportilla/Downloads/ts/tempo/scala/tempo/target/scala-2.12/classes ...
[error] /Users/rportilla/Downloads/ts/tempo/scala/tempo/src/main/scala/com/databrickslabs/tempo/Demo.scala:15:12: type mismatch;
[error]  found   : Any
[error]  required: org.apache.spark.sql.DataFrame
[error]     (which expands to)  org.apache.spark.sql.Dataset[org.apache.spark.sql.Row]
[error]     return obj
[error]            ^
[error] /Users/rportilla/Downloads/ts/tempo/scala/tempo/src/main/scala/com/databrickslabs/tempo/Demo.scala:21:16: not found: value spark
[error]     val my_df= spark.range(10)
[error]                ^
[error] /Users/rportilla/Downloads/ts/tempo/scala/tempo/src/main/scala/com/databrickslabs/tempo/Demo.scala:22:14: not enough arguments for constructor tsdf: (df: org.apache.spark.sql.DataFrame, ts: String)com.databrickslabs.tempo.tsdf.
[error] Unspecified value parameter ts.
[error]     val p1 = new tsdf(my_df)
[error]              ^
[error] three errors found
[error] (Compile / compileIncremental) Compilation failed
[error] Total time: 3 s, completed Feb 3, 2021 12:16:42 AM
[debug] > Exec(resumeFromFailure, None, None)
[debug] > Exec(sbtPopOnFailure, None, None)
[debug] > Exec(__postWatch console0, None, None)
[debug] > Exec(__waitWatch console0, None, None)
