[debug] > Exec(__runWatch console0, Some(084858e1-3aed-41d9-bee4-65e70e7f861a), Some(CommandSource(console0)))
[debug] > Exec(sbtStashOnFailure, None, Some(CommandSource(console0)))
[debug] > Exec(__preWatch console0, None, Some(CommandSource(console0)))
[debug] > Exec(run, None, Some(CommandSource(console0)))
[debug] Evaluating tasks: Compile / run
[debug] Running task... Cancel: Signal, check cycles: false, forcegc: true
[info] compiling 1 Scala source to /Users/rportilla/Downloads/ts/tempo/scala/tempo/target/scala-2.12/classes ...
[error] /Users/rportilla/Downloads/ts/tempo/scala/tempo/src/main/scala/com/databrickslabs/tempo/Demo.scala:4:16: not found: type string
[error]   def ts_col : string = "event_ts"
[error]                ^
[error] /Users/rportilla/Downloads/ts/tempo/scala/tempo/src/main/scala/com/databrickslabs/tempo/Demo.scala:5:38: not found: value isEqual
[error]   def isNotEqual(x: Any): Boolean = !isEqual(x)
[error]                                      ^
[error] /Users/rportilla/Downloads/ts/tempo/scala/tempo/src/main/scala/com/databrickslabs/tempo/Demo.scala:8:38: not found: type Equal
[error] class tsdf(xc: Int, yc: Int) extends Equal {
[error]                                      ^
[error] /Users/rportilla/Downloads/ts/tempo/scala/tempo/src/main/scala/com/databrickslabs/tempo/Demo.scala:12:44: not found: type Point
[error]   def isEqual(obj: Any) = obj.isInstanceOf[Point] && obj.asInstanceOf[Point].x == y
[error]                                            ^
[error] /Users/rportilla/Downloads/ts/tempo/scala/tempo/src/main/scala/com/databrickslabs/tempo/Demo.scala:12:71: not found: type Point
[error]   def isEqual(obj: Any) = obj.isInstanceOf[Point] && obj.asInstanceOf[Point].x == y
[error]                                                                       ^
[error] /Users/rportilla/Downloads/ts/tempo/scala/tempo/src/main/scala/com/databrickslabs/tempo/Demo.scala:17:18: not found: type Point
[error]     val p1 = new Point(2, 3)
[error]                  ^
[error] /Users/rportilla/Downloads/ts/tempo/scala/tempo/src/main/scala/com/databrickslabs/tempo/Demo.scala:18:18: not found: type Point
[error]     val p2 = new Point(2, 4)
[error]                  ^
[error] /Users/rportilla/Downloads/ts/tempo/scala/tempo/src/main/scala/com/databrickslabs/tempo/Demo.scala:19:18: not found: type Point
[error]     val p3 = new Point(3, 3)
[error]                  ^
[error] 8 errors found
[error] (Compile / compileIncremental) Compilation failed
[error] Total time: 0 s, completed Feb 2, 2021 11:12:50 PM
[debug] > Exec(resumeFromFailure, None, Some(CommandSource(console0)))
[debug] > Exec(sbtPopOnFailure, None, Some(CommandSource(console0)))
[debug] > Exec(__postWatch console0, None, Some(CommandSource(console0)))
[debug] > Exec(__waitWatch console0, None, Some(CommandSource(console0)))
